# JRE version: OpenJDK Runtime Environment (16.0.2+7) (build 16.0.2+7-67)
# Java VM: OpenJDK 64-Bit Server VM (16.0.2+7-67, mixed mode, sharing, tiered, compressed oops, compressed class ptrs, g1 gc, windows-amd64)
GC Precious Log:
 CPUs: 4 total, 4 available
 Memory: 3998M
 Large Page Support: Disabled
 NUMA Support: Disabled
 Compressed Oops: Enabled (32-bit)
 Heap Region Size: 1M
 Heap Min Capacity: 8M
 Heap Initial Capacity: 64M
 Heap Max Capacity: 1000M
 Pre-touch: Disabled
 Parallel Workers: 4
 Concurrent Workers: 1
 Concurrent Refinement Workers: 4
 Periodic GC: Disabled
Heap:
 garbage-first heap   total 40960K, used 27323K [0x00000000c1800000, 0x0000000100000000)
  region size 1024K, 18 young (18432K), 3 survivors (3072K)
 Metaspace       used 31585K, committed 31936K, reserved 1081344K
  class space    used 3873K, committed 4032K, reserved 1048576K
GC Heap History (14 events):
Event: 0.954 GC heap before
{Heap before GC invocations=0 (full 0):
 garbage-first heap   total 65536K, used 13312K [0x00000000c1800000, 0x0000000100000000)
  region size 1024K, 13 young (13312K), 0 survivors (0K)
 Metaspace       used 3825K, committed 3968K, reserved 1056768K
  class space    used 385K, committed 448K, reserved 1048576K
}
Event: 0.964 GC heap after
{Heap after GC invocations=1 (full 0):
 garbage-first heap   total 65536K, used 3990K [0x00000000c1800000, 0x0000000100000000)
  region size 1024K, 2 young (2048K), 2 survivors (2048K)
 Metaspace       used 3825K, committed 3968K, reserved 1056768K
  class space    used 385K, committed 448K, reserved 1048576K
}
Event: 1.461 GC heap before
{Heap before GC invocations=1 (full 0):
 garbage-first heap   total 65536K, used 15254K [0x00000000c1800000, 0x0000000100000000)
  region size 1024K, 13 young (13312K), 2 survivors (2048K)
 Metaspace       used 6431K, committed 6592K, reserved 1056768K
  class space    used 714K, committed 768K, reserved 1048576K
}
Event: 1.465 GC heap after
{Heap after GC invocations=2 (full 0):
 garbage-first heap   total 65536K, used 5359K [0x00000000c1800000, 0x0000000100000000)
  region size 1024K, 2 young (2048K), 2 survivors (2048K)
 Metaspace       used 6431K, committed 6592K, reserved 1056768K
  class space    used 714K, committed 768K, reserved 1048576K
}
Event: 2.498 GC heap before
{Heap before GC invocations=2 (full 0):
 garbage-first heap   total 65536K, used 27887K [0x00000000c1800000, 0x0000000100000000)
  region size 1024K, 25 young (25600K), 2 survivors (2048K)
 Metaspace       used 12224K, committed 12480K, reserved 1064960K
  class space    used 1419K, committed 1536K, reserved 1048576K
}
Event: 2.503 GC heap after
{Heap after GC invocations=3 (full 0):
 garbage-first heap   total 65536K, used 6720K [0x00000000c1800000, 0x0000000100000000)
  region size 1024K, 3 young (3072K), 3 survivors (3072K)
 Metaspace       used 12224K, committed 12480K, reserved 1064960K
  class space    used 1419K, committed 1536K, reserved 1048576K
}
Event: 3.955 GC heap before
{Heap before GC invocations=3 (full 0):
 garbage-first heap   total 65536K, used 40512K [0x00000000c1800000, 0x0000000100000000)
  region size 1024K, 37 young (37888K), 3 survivors (3072K)
 Metaspace       used 17814K, committed 18112K, reserved 1064960K
  class space    used 2139K, committed 2304K, reserved 1048576K
}
Event: 3.965 GC heap after
{Heap after GC invocations=4 (full 0):
 garbage-first heap   total 65536K, used 8470K [0x00000000c1800000, 0x0000000100000000)
  region size 1024K, 5 young (5120K), 5 survivors (5120K)
 Metaspace       used 17814K, committed 18112K, reserved 1064960K
  class space    used 2139K, committed 2304K, reserved 1048576K
}
Event: 4.703 GC heap before
{Heap before GC invocations=4 (full 0):
 garbage-first heap   total 65536K, used 23830K [0x00000000c1800000, 0x0000000100000000)
  region size 1024K, 21 young (21504K), 5 survivors (5120K)
 Metaspace       used 21054K, committed 21248K, reserved 1073152K
  class space    used 2597K, committed 2688K, reserved 1048576K
}
Event: 4.715 GC heap after
{Heap after GC invocations=5 (full 0):
 garbage-first heap   total 65536K, used 10345K [0x00000000c1800000, 0x0000000100000000)
  region size 1024K, 4 young (4096K), 4 survivors (4096K)
 Metaspace       used 21054K, committed 21248K, reserved 1073152K
  class space    used 2597K, committed 2688K, reserved 1048576K
}
Event: 5.534 GC heap before
{Heap before GC invocations=6 (full 0):
 garbage-first heap   total 40960K, used 30825K [0x00000000c1800000, 0x0000000100000000)
  region size 1024K, 24 young (24576K), 4 survivors (4096K)
 Metaspace       used 24535K, committed 24832K, reserved 1073152K
  class space    used 2985K, committed 3136K, reserved 1048576K
}
Event: 5.544 GC heap after
{Heap after GC invocations=7 (full 0):
 garbage-first heap   total 40960K, used 11834K [0x00000000c1800000, 0x0000000100000000)
  region size 1024K, 2 young (2048K), 2 survivors (2048K)
 Metaspace       used 24535K, committed 24832K, reserved 1073152K
  class space    used 2985K, committed 3136K, reserved 1048576K
}
Event: 12.626 GC heap before
{Heap before GC invocations=7 (full 0):
 garbage-first heap   total 40960K, used 28218K [0x00000000c1800000, 0x0000000100000000)
  region size 1024K, 19 young (19456K), 2 survivors (2048K)
 Metaspace       used 28095K, committed 28352K, reserved 1081344K
  class space    used 3448K, committed 3584K, reserved 1048576K
}
Event: 12.637 GC heap after
{Heap after GC invocations=8 (full 0):
 garbage-first heap   total 40960K, used 14011K [0x00000000c1800000, 0x0000000100000000)
  region size 1024K, 3 young (3072K), 3 survivors (3072K)
 Metaspace       used 28095K, committed 28352K, reserved 1081344K
  class space    used 3448K, committed 3584K, reserved 1048576K
}

